2023-12-15 03:23:01.959 PM	Sorbi TEST	Warning	Settings not found => a new settings file has been created!
2023-12-15 03:46:42.957 PM	Sorbi TEST	Warning	Settings not found => a new settings file has been created!
2023-12-15 04:06:06.226 PM	Sorbi TEST	Warning	Settings not found => a new settings file has been created!
2023-12-15 04:06:56.872 PM	Sorbi TEST	Warning	Settings not found => a new settings file has been created!
2023-12-15 04:07:42.037 PM	Sorbi TEST	Warning	Settings not found => a new settings file has been created!
2023-12-15 04:08:08.216 PM	Sorbi TEST	Warning	Settings not found => a new settings file has been created!
2023-12-15 04:09:01.911 PM	Sorbi TEST	Warning	Settings not found => a new settings file has been created!
2023-12-15 05:05:52.670 PM	Sorbi TEST	Warning	Settings not found => a new settings file has been created!
2023-12-15 05:17:55.041 PM	Sorbi TEST	Warning	Settings not found => a new settings file has been created!
2023-12-15 05:33:54.920 PM	Sorbi TEST	Warning	Settings not found => a new settings file has been created!
2023-12-15 05:36:41.617 PM	Sorbi TEST	Warning	Settings not found => a new settings file has been created!
2023-12-15 05:40:36.536 PM	Sorbi TEST	Warning	Settings not found => a new settings file has been created!
2023-12-15 05:46:51.386 PM	Sorbi TEST	Warning	Settings not found => a new settings file has been created!
2023-12-15 05:47:24.434 PM	Sorbi TEST	Warning	Settings not found => a new settings file has been created!
2023-12-27 03:56:02.323 PM	Sorbi TEST	Warning	Settings not found => a new settings file has been created!
2023-12-27 04:11:53.464 PM	Sorbi TEST	Warning	Settings not found => a new settings file has been created!
2023-12-27 04:20:40.779 PM	Sorbi TEST	Warning	Settings not found => a new settings file has been created!
2023-12-27 04:46:01.422 PM	Sorbi TEST	Warning	Settings not found => a new settings file has been created!
2023-12-27 04:54:01.872 PM	Sorbi TEST	Warning	Settings not found => a new settings file has been created!
2023-12-27 04:54:55.472 PM	Sorbi TEST	Warning	Settings not found => a new settings file has been created!
2023-12-28 11:54:44.553 AM	Sorbi TEST	Warning	Settings not found => a new settings file has been created!
2023-12-28 02:40:27.830 PM	Sorbi TEST	Warning	Settings not found => a new settings file has been created!
2023-12-28 02:58:48.904 PM	Sorbi TEST	Warning	Settings not found => a new settings file has been created!
2023-12-28 03:17:12.858 PM	Sorbi TEST	Warning	Settings not found => a new settings file has been created!
2023-12-28 03:48:26.726 PM	Sorbi TEST	Warning	Settings not found => a new settings file has been created!
2023-12-28 03:50:27.977 PM	Sorbi TEST	Warning	Settings not found => a new settings file has been created!
2023-12-28 03:52:00.578 PM	Sorbi TEST	Warning	Settings not found => a new settings file has been created!
2023-12-29 10:42:56.303 AM	Sorbi TEST	Warning	Settings not found => a new settings file has been created!
2023-12-29 11:30:23.526 AM	Cook DEV	Warning	Settings not found => a new settings file has been created!
2023-12-29 11:33:14.452 AM	Cook DEV	Warning	Settings not found => a new settings file has been created!
2023-12-29 11:34:55.455 AM	Cook DEV	Warning	Settings not found => a new settings file has been created!
2023-12-29 11:40:56.293 AM	Cook DEV	Warning	Settings not found => a new settings file has been created!
2023-12-29 11:41:56.958 AM	Cook DEV	Warning	Settings not found => a new settings file has been created!
2023-12-29 11:44:36.210 AM	Cook DEV	Warning	Settings not found => a new settings file has been created!
2023-12-29 11:45:53.131 AM	Cook DEV	Warning	Settings not found => a new settings file has been created!
2023-12-29 11:46:54.848 AM	Cook DEV	Warning	Settings not found => a new settings file has been created!
2023-12-29 11:53:40.350 AM	Cook DEV	Warning	Settings not found => a new settings file has been created!
2023-12-29 12:01:44.796 PM	Cook DEV	Warning	Settings not found => a new settings file has been created!
2023-12-29 12:03:46.640 PM	Cook DEV	Warning	Settings not found => a new settings file has been created!
2023-12-29 12:07:10.805 PM	Cook DEV	Warning	Settings not found => a new settings file has been created!
2023-12-29 01:33:27.472 PM	Cook DEV	Warning	Settings not found => a new settings file has been created!
2023-12-29 01:36:37.262 PM	Cook DEV	Warning	Settings not found => a new settings file has been created!
2023-12-29 02:06:35.892 PM	Cook DEV	Warning	Settings not found => a new settings file has been created!
2023-12-29 02:14:01.448 PM	Cook DEV	Warning	Settings not found => a new settings file has been created!
2023-12-29 02:14:23.019 PM	Cook DEV	Warning	Settings not found => a new settings file has been created!
2023-12-29 02:25:14.926 PM	Cook DEV	Warning	Settings not found => a new settings file has been created!
2023-12-29 02:33:29.630 PM	Cook DEV	Warning	Settings not found => a new settings file has been created!
2023-12-29 03:39:53.090 PM	Cook DEV	Warning	Settings not found => a new settings file has been created!
2023-12-29 03:41:40.257 PM	Cook DEV	Warning	Settings not found => a new settings file has been created!
2023-12-29 03:42:53.252 PM	Cook DEV	Warning	Settings not found => a new settings file has been created!
2023-12-29 03:47:42.043 PM	Cook DEV	Warning	Settings not found => a new settings file has been created!
2023-12-29 03:49:26.550 PM	Cook DEV	Warning	Settings not found => a new settings file has been created!
2023-12-29 03:51:06.308 PM	Cook DEV	Warning	Settings not found => a new settings file has been created!
2023-12-29 03:56:58.662 PM	Cook DEV	Warning	Settings not found => a new settings file has been created!
2023-12-29 04:05:34.304 PM	Cook DEV	Warning	Settings not found => a new settings file has been created!
2024-01-02 01:31:34.246 PM	Cook DEV	Warning	Settings not found => a new settings file has been created!
2024-01-03 02:11:43.050 PM	Cook DEV	Warning	Settings not found => a new settings file has been created!
2024-01-03 02:14:10.979 PM	Cook DEV	Warning	Settings not found => a new settings file has been created!
2024-01-12 09:39:53.557 AM	Cook DEV	Warning	Settings not found => a new settings file has been created!
2024-01-12 10:07:07.244 AM	Cook DEV	Warning	Settings not found => a new settings file has been created!
2024-01-12 10:08:03.198 AM	Cook DEV	Warning	Settings not found => a new settings file has been created!
2024-01-12 10:09:27.567 AM	Cook DEV	Warning	Settings not found => a new settings file has been created!
2024-01-12 02:44:59.665 PM	Cook DEV	Warning	Settings not found => a new settings file has been created!
2024-01-15 04:44:30.085 PM	Cook DEV	Warning	Settings not found => a new settings file has been created!
2024-01-15 04:46:08.166 PM	Cook DEV	Warning	Settings not found => a new settings file has been created!
2024-01-15 05:02:35.336 PM	Cook DEV	Warning	Settings not found => a new settings file has been created!
2024-01-15 05:10:36.277 PM	Cook DEV	Warning	Settings not found => a new settings file has been created!
2024-01-15 05:13:24.926 PM	Cook DEV	Warning	Settings not found => a new settings file has been created!
2024-01-15 06:20:37.197 PM	Cook DEV	Warning	Settings not found => a new settings file has been created!
2024-01-15 06:31:30.969 PM	Cook DEV	Warning	Settings not found => a new settings file has been created!
2024-01-15 06:33:28.675 PM	Cook DEV	Warning	Settings not found => a new settings file has been created!
2024-01-15 06:36:19.297 PM	Cook DEV	Warning	Settings not found => a new settings file has been created!
2024-01-16 03:18:59.532 PM	Cook DEV	Warning	Settings not found => a new settings file has been created!
2024-01-16 03:19:57.071 PM	Cook DEV	Warning	Settings not found => a new settings file has been created!
2024-01-16 03:43:23.228 PM	Cook DEV	Warning	Settings not found => a new settings file has been created!
2024-01-16 03:44:50.630 PM	Cook DEV	Warning	Settings not found => a new settings file has been created!
2024-01-16 04:15:09.294 PM	Cook DEV	Warning	Settings not found => a new settings file has been created!
2024-01-17 01:44:48.193 PM	Cook DEV	Warning	Settings not found => a new settings file has been created!
2024-01-17 02:30:50.839 PM	Cook DEV	Warning	Settings not found => a new settings file has been created!
2024-01-17 02:31:26.191 PM	Cook DEV	Warning	Settings not found => a new settings file has been created!
2024-01-19 02:41:55.714 PM	Cook DEV	Warning	Settings not found => a new settings file has been created!
2024-01-29 05:06:17.280 PM	Cook DEV	Warning	Settings not found => a new settings file has been created!
2024-01-29 05:10:58.424 PM	Cook DEV	Warning	Settings not found => a new settings file has been created!
2024-01-29 05:12:26.887 PM	Cook DEV	Warning	Settings not found => a new settings file has been created!
2024-01-29 05:28:41.236 PM	Cook DEV	Warning	Settings not found => a new settings file has been created!
2024-01-30 03:58:31.191 PM	Cook DEV	Warning	Settings not found => a new settings file has been created!
2024-01-30 04:28:00.349 PM	Cook DEV	Warning	Settings not found => a new settings file has been created!
2024-01-30 04:29:09.989 PM	Cook DEV	Warning	Settings not found => a new settings file has been created!
2024-01-30 04:42:49.053 PM	Cook DEV	Warning	Settings not found => a new settings file has been created!
2024-01-30 04:43:32.104 PM	Cook DEV	Warning	Settings not found => a new settings file has been created!
2024-01-30 04:46:21.437 PM	Cook DEV	Warning	Settings not found => a new settings file has been created!
2024-01-30 04:51:30.773 PM	Cook DEV	Warning	Settings not found => a new settings file has been created!
2024-01-30 04:56:09.285 PM	Cook DEV	Warning	Settings not found => a new settings file has been created!
2024-01-30 05:01:08.322 PM	Cook DEV	Warning	Settings not found => a new settings file has been created!
2024-02-02 03:06:10.876 PM	Cook DEV	Warning	Settings not found => a new settings file has been created!
2024-02-02 03:09:36.301 PM	Cook DEV	Warning	Settings not found => a new settings file has been created!
2024-02-02 03:27:54.402 PM	Cook DEV	Warning	Settings not found => a new settings file has been created!
2024-02-02 03:29:45.175 PM	Cook DEV	Warning	Settings not found => a new settings file has been created!
2024-02-02 03:36:52.278 PM	Cook DEV	Warning	Settings not found => a new settings file has been created!
2024-02-02 03:41:10.460 PM	Cook DEV	Warning	Settings not found => a new settings file has been created!
2024-02-02 04:38:48.083 PM	Cook DEV	Warning	Settings not found => a new settings file has been created!
2024-02-02 05:12:04.375 PM	Cook DEV	Warning	Settings not found => a new settings file has been created!
2024-02-05 06:59:53.352 PM	Cook DEV	Warning	Settings not found => a new settings file has been created!
2024-02-05 07:14:33.555 PM	Cook DEV	Warning	Settings not found => a new settings file has been created!
2024-02-05 07:24:56.935 PM	Cook DEV	Warning	Settings not found => a new settings file has been created!
2024-02-05 08:05:33.499 PM	Cook DEV	Warning	Settings not found => a new settings file has been created!
2024-02-06 04:42:10.534 PM	Cook DEV	Warning	Settings not found => a new settings file has been created!
2024-02-06 04:50:03.432 PM	Cook DEV	Warning	Settings not found => a new settings file has been created!
2024-02-07 11:36:26.902 AM	Cook DEV	Warning	Settings not found => a new settings file has been created!
2024-02-07 11:45:57.730 AM	Cook DEV	Warning	Settings not found => a new settings file has been created!
2024-02-07 11:56:14.649 AM	Cook DEV	Warning	Settings not found => a new settings file has been created!
2024-02-07 11:59:41.648 AM	Cook DEV	Warning	Settings not found => a new settings file has been created!
2024-02-07 12:04:09.511 PM	Cook DEV	Warning	Settings not found => a new settings file has been created!
2024-02-08 05:23:45.388 PM	Cook DEV	Warning	Settings not found => a new settings file has been created!
2024-02-08 05:27:09.350 PM	Cook DEV	Warning	Settings not found => a new settings file has been created!
2024-02-08 05:36:14.297 PM	Cook DEV	Warning	Settings not found => a new settings file has been created!
2024-02-08 05:40:53.820 PM	Cook DEV	Warning	Settings not found => a new settings file has been created!
2024-02-08 05:46:53.619 PM	Cook DEV	Warning	Settings not found => a new settings file has been created!
2024-02-08 05:52:10.633 PM	Cook DEV	Warning	Settings not found => a new settings file has been created!
2024-02-08 05:57:00.937 PM	Cook DEV	Warning	Settings not found => a new settings file has been created!
2024-02-08 05:58:26.629 PM	Cook DEV	Warning	Settings not found => a new settings file has been created!
2024-02-09 09:11:13.362 AM	Cook DEV	Warning	Settings not found => a new settings file has been created!
2024-02-09 09:24:14.349 AM	Cook DEV	Warning	Settings not found => a new settings file has been created!
2024-02-09 09:30:36.314 AM	Cook DEV	Warning	Settings not found => a new settings file has been created!
2024-02-09 10:18:43.598 AM	Cook DEV	Warning	Settings not found => a new settings file has been created!
2024-02-09 10:19:49.666 AM	Cook DEV	Warning	Settings not found => a new settings file has been created!
2024-02-09 11:33:26.644 AM	Cook DEV	Warning	Settings not found => a new settings file has been created!
2024-02-09 11:36:39.914 AM	Cook DEV	Warning	Settings not found => a new settings file has been created!
2024-02-09 01:20:56.421 PM	Cook DEV	Warning	Settings not found => a new settings file has been created!
2024-02-09 01:52:54.455 PM	Cook DEV	Warning	Settings not found => a new settings file has been created!
2024-02-09 01:56:31.696 PM	Cook DEV	Warning	Settings not found => a new settings file has been created!
2024-02-09 01:59:35.984 PM	Cook DEV	Warning	Settings not found => a new settings file has been created!
2024-02-09 02:02:57.501 PM	Cook DEV	Warning	Settings not found => a new settings file has been created!
2024-02-09 02:10:02.513 PM	Cook DEV	Warning	Settings not found => a new settings file has been created!
2024-02-09 02:13:30.152 PM	Cook DEV	Warning	Settings not found => a new settings file has been created!
2024-02-09 02:23:52.168 PM	Cook DEV	Warning	Settings not found => a new settings file has been created!
2024-02-09 02:47:11.775 PM	Cook DEV	Warning	Settings not found => a new settings file has been created!
2024-02-09 03:06:34.444 PM	Cook DEV	Warning	Settings not found => a new settings file has been created!
2024-02-09 03:18:45.814 PM	Cook DEV	Warning	Settings not found => a new settings file has been created!
2024-02-09 03:28:08.903 PM	Cook DEV	Warning	Settings not found => a new settings file has been created!
2024-02-14 01:57:51.383 PM	Cook DEV	Warning	Settings not found => a new settings file has been created!
2024-02-20 06:03:37.763 PM	Cook DEV	Warning	Settings not found => a new settings file has been created!
2024-02-27 03:27:40.450 PM		Warning	Settings not found => a new settings file has been created!
